[debug] [2025-07-28T18:16:56.764Z] ----------------------------------------------------------------------
[debug] [2025-07-28T18:16:56.768Z] Command:       C:\Program Files\nodejs\node.exe C:\Users\Acer\AppData\Roaming\npm\node_modules\firebase-tools\lib\bin\firebase.js init
[debug] [2025-07-28T18:16:56.769Z] CLI Version:   14.11.0
[debug] [2025-07-28T18:16:56.769Z] Platform:      win32
[debug] [2025-07-28T18:16:56.769Z] Node Version:  v22.14.0
[debug] [2025-07-28T18:16:56.770Z] Time:          Mon Jul 28 2025 23:46:56 GMT+0530 (India Standard Time)
[debug] [2025-07-28T18:16:56.771Z] ----------------------------------------------------------------------
[debug] 
[debug] [2025-07-28T18:16:56.774Z] >>> [apiv2][query] GET https://firebase-public.firebaseio.com/cli.json [none]
[debug] [2025-07-28T18:16:56.840Z] > command requires scopes: ["email","openid","https://www.googleapis.com/auth/cloudplatformprojects.readonly","https://www.googleapis.com/auth/firebase","https://www.googleapis.com/auth/cloud-platform"]
[debug] [2025-07-28T18:16:56.840Z] > authorizing via signed-in user (hgosandanaveen@gmail.com)
[info] 
     ######## #### ########  ######## ########     ###     ######  ########
     ##        ##  ##     ## ##       ##     ##  ##   ##  ##       ##
     ######    ##  ########  ######   ########  #########  ######  ######
     ##        ##  ##    ##  ##       ##     ## ##     ##       ## ##
     ##       #### ##     ## ######## ########  ##     ##  ######  ########

You're about to initialize a Firebase project in this directory:

  F:\Electric Vehical Recharge Bunk

[debug] [2025-07-28T18:16:57.595Z] <<< [apiv2][status] GET https://firebase-public.firebaseio.com/cli.json 200
[debug] [2025-07-28T18:16:57.595Z] <<< [apiv2][body] GET https://firebase-public.firebaseio.com/cli.json {"cloudBuildErrorAfter":1594252800000,"cloudBuildWarnAfter":1590019200000,"defaultNode10After":1594252800000,"minVersion":"3.0.5","node8DeploysDisabledAfter":1613390400000,"node8RuntimeDisabledAfter":1615809600000,"node8WarnAfter":1600128000000}
[debug] [2025-07-28T18:17:37.420Z] ExitPromptError: User force closed the prompt with SIGINT
    at Interface.sigint (C:\Users\Acer\AppData\Roaming\npm\node_modules\firebase-tools\node_modules\@inquirer\core\dist\commonjs\lib\create-prompt.js:101:37)
    at Interface.emit (node:events:518:28)
    at Interface.emit (node:domain:489:12)
    at [_ttyWrite] [as _ttyWrite] (node:internal/readline/interface:1124:18)
    at ReadStream.onkeypress (node:internal/readline/interface:263:20)
    at ReadStream.emit (node:events:530:35)
    at ReadStream.emit (node:domain:489:12)
    at emitKeys (node:internal/readline/utils:370:14)
    at emitKeys.next (<anonymous>)
    at ReadStream.onData (node:internal/readline/emitKeypressEvents:64:36)
[error] 
[error] Error: An unexpected error has occurred.
[debug] [2025-07-28T18:19:38.733Z] ----------------------------------------------------------------------
[debug] [2025-07-28T18:19:38.735Z] Command:       C:\Program Files\nodejs\node.exe C:\Users\Acer\AppData\Roaming\npm\node_modules\firebase-tools\lib\bin\firebase.js init
[debug] [2025-07-28T18:19:38.736Z] CLI Version:   14.11.0
[debug] [2025-07-28T18:19:38.736Z] Platform:      win32
[debug] [2025-07-28T18:19:38.736Z] Node Version:  v22.14.0
[debug] [2025-07-28T18:19:38.737Z] Time:          Mon Jul 28 2025 23:49:38 GMT+0530 (India Standard Time)
[debug] [2025-07-28T18:19:38.737Z] ----------------------------------------------------------------------
[debug] 
[debug] [2025-07-28T18:19:38.745Z] > command requires scopes: ["email","openid","https://www.googleapis.com/auth/cloudplatformprojects.readonly","https://www.googleapis.com/auth/firebase","https://www.googleapis.com/auth/cloud-platform"]
[debug] [2025-07-28T18:19:38.745Z] > authorizing via signed-in user (hgosandanaveen@gmail.com)
[info] 
     ######## #### ########  ######## ########     ###     ######  ########
     ##        ##  ##     ## ##       ##     ##  ##   ##  ##       ##
     ######    ##  ########  ######   ########  #########  ######  ######
     ##        ##  ##    ##  ##       ##     ## ##     ##       ## ##
     ##       #### ##     ## ######## ########  ##     ##  ######  ########

You're about to initialize a Firebase project in this directory:

  F:\Electric Vehical Recharge Bunk

[info] 
=== Project Setup
[info] 
[info] First, let's associate this project directory with a Firebase project.
[info] You can create multiple project aliases by running firebase use --add, 
[info] but for now we'll just set up a default project.
[info] 
[debug] [2025-07-28T18:20:16.080Z] Checked if tokens are valid: false, expires at: 1753541900692
[debug] [2025-07-28T18:20:16.080Z] Checked if tokens are valid: false, expires at: 1753541900692
[debug] [2025-07-28T18:20:16.081Z] > refreshing access token with scopes: []
[debug] [2025-07-28T18:20:16.085Z] >>> [apiv2][query] POST https://www.googleapis.com/oauth2/v3/token [none]
[debug] [2025-07-28T18:20:16.086Z] >>> [apiv2][body] POST https://www.googleapis.com/oauth2/v3/token [omitted]
[debug] [2025-07-28T18:20:16.411Z] <<< [apiv2][status] POST https://www.googleapis.com/oauth2/v3/token 200
[debug] [2025-07-28T18:20:16.412Z] <<< [apiv2][body] POST https://www.googleapis.com/oauth2/v3/token [omitted]
[debug] [2025-07-28T18:20:16.428Z] >>> [apiv2][query] GET https://firebase.googleapis.com/v1beta1/projects pageSize=100
[debug] [2025-07-28T18:20:17.176Z] <<< [apiv2][status] GET https://firebase.googleapis.com/v1beta1/projects 200
[debug] [2025-07-28T18:20:17.176Z] <<< [apiv2][body] GET https://firebase.googleapis.com/v1beta1/projects [omitted]
[info] i  Using project e-point-df9e8 (E-Point) 
[info] 
=== Dataconnect Setup
[debug] [2025-07-28T18:20:18.799Z] Checked if tokens are valid: true, expires at: 1753730415412
[debug] [2025-07-28T18:20:18.799Z] Checked if tokens are valid: true, expires at: 1753730415412
[debug] [2025-07-28T18:20:18.800Z] >>> [apiv2][query] GET https://cloudbilling.googleapis.com/v1/projects/e-point-df9e8/billingInfo [none]
[debug] [2025-07-28T18:20:20.371Z] <<< [apiv2][status] GET https://cloudbilling.googleapis.com/v1/projects/e-point-df9e8/billingInfo 200
[debug] [2025-07-28T18:20:20.371Z] <<< [apiv2][body] GET https://cloudbilling.googleapis.com/v1/projects/e-point-df9e8/billingInfo {"name":"projects/e-point-df9e8/billingInfo","projectId":"e-point-df9e8","billingAccountName":"","billingEnabled":false}
[info] i  dataconnect: ensuring required API sqladmin.googleapis.com is enabled... 
[debug] [2025-07-28T18:20:20.374Z] Checked if tokens are valid: true, expires at: 1753730415412
[debug] [2025-07-28T18:20:20.374Z] Checked if tokens are valid: true, expires at: 1753730415412
[debug] [2025-07-28T18:20:20.375Z] >>> [apiv2][query] GET https://firebasedataconnect.googleapis.com/v1/projects/e-point-df9e8/locations/-/services [none]
[debug] [2025-07-28T18:20:22.337Z] <<< [apiv2][status] GET https://firebasedataconnect.googleapis.com/v1/projects/e-point-df9e8/locations/-/services 200
[debug] [2025-07-28T18:20:22.337Z] <<< [apiv2][body] GET https://firebasedataconnect.googleapis.com/v1/projects/e-point-df9e8/locations/-/services {}
[info] +  Wrote dataconnect\dataconnect.yaml 
[info] +  Wrote dataconnect\schema\schema.gql 
[info] +  Wrote dataconnect\connector\connector.yaml 
[info] +  Wrote dataconnect\connector\queries.gql 
[info] +  Wrote dataconnect\connector\mutations.gql 
[info] +  Detected WEB app in directory F:\Electric Vehical Recharge Bunk 
[debug] [2025-07-28T18:20:38.005Z] ExitPromptError: User force closed the prompt with SIGINT
    at Interface.sigint (C:\Users\Acer\AppData\Roaming\npm\node_modules\firebase-tools\node_modules\@inquirer\core\dist\commonjs\lib\create-prompt.js:101:37)
    at Interface.emit (node:events:518:28)
    at Interface.emit (node:domain:489:12)
    at [_ttyWrite] [as _ttyWrite] (node:internal/readline/interface:1124:18)
    at ReadStream.onkeypress (node:internal/readline/interface:263:20)
    at ReadStream.emit (node:events:530:35)
    at ReadStream.emit (node:domain:489:12)
    at emitKeys (node:internal/readline/utils:370:14)
    at emitKeys.next (<anonymous>)
    at ReadStream.onData (node:internal/readline/emitKeypressEvents:64:36)
[error] 
[error] Error: An unexpected error has occurred.
